# JRE version: Java(TM) SE Runtime Environment (8.0_221-b11) (build 1.8.0_221-b11)
# Java VM: Java HotSpot(TM) 64-Bit Server VM (25.221-b11 mixed mode windows-amd64 compressed oops)
Heap:
 PSYoungGen      total 129536K, used 59964K [0x00000000ed900000, 0x00000000fb100000, 0x0000000100000000)
  eden space 115712K, 39% used [0x00000000ed900000,0x00000000f060f310,0x00000000f4a00000)
  from space 13824K, 100% used [0x00000000f4a00000,0x00000000f5780000,0x00000000f5780000)
  to   space 17920K, 0% used [0x00000000f9f80000,0x00000000f9f80000,0x00000000fb100000)
 ParOldGen       total 38400K, used 24781K [0x00000000c8a00000, 0x00000000caf80000, 0x00000000ed900000)
  object space 38400K, 64% used [0x00000000c8a00000,0x00000000ca233670,0x00000000caf80000)
 Metaspace       used 17868K, capacity 18372K, committed 18560K, reserved 1064960K
  class space    used 2038K, capacity 2174K, committed 2176K, reserved 1048576K
GC Heap History (10 events):
Event: 2.492 GC heap before
{Heap before GC invocations=5 (full 0):
 PSYoungGen      total 31744K, used 31728K [0x00000000ed900000, 0x00000000efa00000, 0x0000000100000000)
  eden space 29696K, 100% used [0x00000000ed900000,0x00000000ef600000,0x00000000ef600000)
  from space 2048K, 99% used [0x00000000ef800000,0x00000000ef9fc010,0x00000000efa00000)
  to   space 2048K, 0% used [0x00000000ef600000,0x00000000ef600000,0x00000000ef800000)
 ParOldGen       total 38400K, used 6579K [0x00000000c8a00000, 0x00000000caf80000, 0x00000000ed900000)
  object space 38400K, 17% used [0x00000000c8a00000,0x00000000c906cfd0,0x00000000caf80000)
 Metaspace       used 14691K, capacity 14972K, committed 15232K, reserved 1062912K
  class space    used 1806K, capacity 1908K, committed 1920K, reserved 1048576K
Event: 2.508 GC heap after
Heap after GC invocations=5 (full 0):
 PSYoungGen      total 31744K, used 2016K [0x00000000ed900000, 0x00000000f2200000, 0x0000000100000000)
  eden space 29696K, 0% used [0x00000000ed900000,0x00000000ed900000,0x00000000ef600000)
  from space 2048K, 98% used [0x00000000ef600000,0x00000000ef7f8020,0x00000000ef800000)
  to   space 7680K, 0% used [0x00000000f1a80000,0x00000000f1a80000,0x00000000f2200000)
 ParOldGen       total 38400K, used 12547K [0x00000000c8a00000, 0x00000000caf80000, 0x00000000ed900000)
  object space 38400K, 32% used [0x00000000c8a00000,0x00000000c9640d50,0x00000000caf80000)
 Metaspace       used 14691K, capacity 14972K, committed 15232K, reserved 1062912K
  class space    used 1806K, capacity 1908K, committed 1920K, reserved 1048576K
}
Event: 2.829 GC heap before
{Heap before GC invocations=6 (full 0):
 PSYoungGen      total 31744K, used 31712K [0x00000000ed900000, 0x00000000f2200000, 0x0000000100000000)
  eden space 29696K, 100% used [0x00000000ed900000,0x00000000ef600000,0x00000000ef600000)
  from space 2048K, 98% used [0x00000000ef600000,0x00000000ef7f8020,0x00000000ef800000)
  to   space 7680K, 0% used [0x00000000f1a80000,0x00000000f1a80000,0x00000000f2200000)
 ParOldGen       total 38400K, used 12547K [0x00000000c8a00000, 0x00000000caf80000, 0x00000000ed900000)
  object space 38400K, 32% used [0x00000000c8a00000,0x00000000c9640d50,0x00000000caf80000)
 Metaspace       used 14829K, capacity 15130K, committed 15232K, reserved 1062912K
  class space    used 1813K, capacity 1913K, committed 1920K, reserved 1048576K
Event: 2.842 GC heap after
Heap after GC invocations=6 (full 0):
 PSYoungGen      total 67072K, used 5680K [0x00000000ed900000, 0x00000000f2200000, 0x0000000100000000)
  eden space 59392K, 0% used [0x00000000ed900000,0x00000000ed900000,0x00000000f1300000)
  from space 7680K, 73% used [0x00000000f1a80000,0x00000000f200c030,0x00000000f2200000)
  to   space 7680K, 0% used [0x00000000f1300000,0x00000000f1300000,0x00000000f1a80000)
 ParOldGen       total 38400K, used 12555K [0x00000000c8a00000, 0x00000000caf80000, 0x00000000ed900000)
  object space 38400K, 32% used [0x00000000c8a00000,0x00000000c9642d50,0x00000000caf80000)
 Metaspace       used 14829K, capacity 15130K, committed 15232K, reserved 1062912K
  class space    used 1813K, capacity 1913K, committed 1920K, reserved 1048576K
}
Event: 4.434 GC heap before
{Heap before GC invocations=7 (full 0):
 PSYoungGen      total 67072K, used 65072K [0x00000000ed900000, 0x00000000f2200000, 0x0000000100000000)
  eden space 59392K, 100% used [0x00000000ed900000,0x00000000f1300000,0x00000000f1300000)
  from space 7680K, 73% used [0x00000000f1a80000,0x00000000f200c030,0x00000000f2200000)
  to   space 7680K, 0% used [0x00000000f1300000,0x00000000f1300000,0x00000000f1a80000)
 ParOldGen       total 38400K, used 12555K [0x00000000c8a00000, 0x00000000caf80000, 0x00000000ed900000)
  object space 38400K, 32% used [0x00000000c8a00000,0x00000000c9642d50,0x00000000caf80000)
 Metaspace       used 16137K, capacity 16466K, committed 16640K, reserved 1064960K
  class space    used 1940K, capacity 2017K, committed 2048K, reserved 1048576K
Event: 4.475 GC heap after
Heap after GC invocations=7 (full 0):
 PSYoungGen      total 67072K, used 7664K [0x00000000ed900000, 0x00000000f6200000, 0x0000000100000000)
  eden space 59392K, 0% used [0x00000000ed900000,0x00000000ed900000,0x00000000f1300000)
  from space 7680K, 99% used [0x00000000f1300000,0x00000000f1a7c010,0x00000000f1a80000)
  to   space 10752K, 0% used [0x00000000f5780000,0x00000000f5780000,0x00000000f6200000)
 ParOldGen       total 38400K, used 16473K [0x00000000c8a00000, 0x00000000caf80000, 0x00000000ed900000)
  object space 38400K, 42% used [0x00000000c8a00000,0x00000000c9a16650,0x00000000caf80000)
 Metaspace       used 16137K, capacity 16466K, committed 16640K, reserved 1064960K
  class space    used 1940K, capacity 2017K, committed 2048K, reserved 1048576K
}
Event: 5.007 GC heap before
{Heap before GC invocations=8 (full 0):
 PSYoungGen      total 67072K, used 67056K [0x00000000ed900000, 0x00000000f6200000, 0x0000000100000000)
  eden space 59392K, 100% used [0x00000000ed900000,0x00000000f1300000,0x00000000f1300000)
  from space 7680K, 99% used [0x00000000f1300000,0x00000000f1a7c010,0x00000000f1a80000)
  to   space 10752K, 0% used [0x00000000f5780000,0x00000000f5780000,0x00000000f6200000)
 ParOldGen       total 38400K, used 16473K [0x00000000c8a00000, 0x00000000caf80000, 0x00000000ed900000)
  object space 38400K, 42% used [0x00000000c8a00000,0x00000000c9a16650,0x00000000caf80000)
 Metaspace       used 16399K, capacity 16764K, committed 16896K, reserved 1064960K
  class space    used 1947K, capacity 2024K, committed 2048K, reserved 1048576K
Event: 5.034 GC heap after
Heap after GC invocations=8 (full 0):
 PSYoungGen      total 126464K, used 10736K [0x00000000ed900000, 0x00000000f6800000, 0x0000000100000000)
  eden space 115712K, 0% used [0x00000000ed900000,0x00000000ed900000,0x00000000f4a00000)
  from space 10752K, 99% used [0x00000000f5780000,0x00000000f61fc010,0x00000000f6200000)
  to   space 13824K, 0% used [0x00000000f4a00000,0x00000000f4a00000,0x00000000f5780000)
 ParOldGen       total 38400K, used 19371K [0x00000000c8a00000, 0x00000000caf80000, 0x00000000ed900000)
  object space 38400K, 50% used [0x00000000c8a00000,0x00000000c9cead00,0x00000000caf80000)
 Metaspace       used 16399K, capacity 16764K, committed 16896K, reserved 1064960K
  class space    used 1947K, capacity 2024K, committed 2048K, reserved 1048576K
}
Event: 6.433 GC heap before
{Heap before GC invocations=9 (full 0):
 PSYoungGen      total 126464K, used 126448K [0x00000000ed900000, 0x00000000f6800000, 0x0000000100000000)
  eden space 115712K, 100% used [0x00000000ed900000,0x00000000f4a00000,0x00000000f4a00000)
  from space 10752K, 99% used [0x00000000f5780000,0x00000000f61fc010,0x00000000f6200000)
  to   space 13824K, 0% used [0x00000000f4a00000,0x00000000f4a00000,0x00000000f5780000)
 ParOldGen       total 38400K, used 19371K [0x00000000c8a00000, 0x00000000caf80000, 0x00000000ed900000)
  object space 38400K, 50% used [0x00000000c8a00000,0x00000000c9cead00,0x00000000caf80000)
 Metaspace       used 16940K, capacity 17396K, committed 17792K, reserved 1064960K
  class space    used 1956K, capacity 2060K, committed 2176K, reserved 1048576K
Event: 6.488 GC heap after
Heap after GC invocations=9 (full 0):
 PSYoungGen      total 129536K, used 13824K [0x00000000ed900000, 0x00000000fb100000, 0x0000000100000000)
  eden space 115712K, 0% used [0x00000000ed900000,0x00000000ed900000,0x00000000f4a00000)
  from space 13824K, 100% used [0x00000000f4a00000,0x00000000f5780000,0x00000000f5780000)
  to   space 17920K, 0% used [0x00000000f9f80000,0x00000000f9f80000,0x00000000fb100000)
 ParOldGen       total 38400K, used 24781K [0x00000000c8a00000, 0x00000000caf80000, 0x00000000ed900000)
  object space 38400K, 64% used [0x00000000c8a00000,0x00000000ca233670,0x00000000caf80000)
 Metaspace       used 16940K, capacity 17396K, committed 17792K, reserved 1064960K
  class space    used 1956K, capacity 2060K, committed 2176K, reserved 1048576K
}

