# JRE version: Java(TM) SE Runtime Environment (8.0_221-b11) (build 1.8.0_221-b11)
# Java VM: Java HotSpot(TM) 64-Bit Server VM (25.221-b11 mixed mode linux-amd64 compressed oops)
Heap:
 PSYoungGen      total 264192K, used 17409K [0x00000000d9500000, 0x00000000f9d00000, 0x0000000100000000)
  eden space 244224K, 0% used [0x00000000d9500000,0x00000000d9500000,0x00000000e8380000)
  from space 19968K, 87% used [0x00000000e8380000,0x00000000e9480530,0x00000000e9700000)
  to   space 22016K, 0% used [0x00000000f8780000,0x00000000f8780000,0x00000000f9d00000)
 ParOldGen       total 80896K, used 27563K [0x000000008be00000, 0x0000000090d00000, 0x00000000d9500000)
  object space 80896K, 34% used [0x000000008be00000,0x000000008d8eaf98,0x0000000090d00000)
 Metaspace       used 20599K, capacity 21228K, committed 21248K, reserved 1069056K
  class space    used 2405K, capacity 2546K, committed 2560K, reserved 1048576K
GC Heap History (10 events):
Event: 1,934 GC heap after
Heap after GC invocations=3 (full 0):
 PSYoungGen      total 66048K, used 4592K [0x00000000d9500000, 0x00000000e1600000, 0x0000000100000000)
  eden space 61440K, 0% used [0x00000000d9500000,0x00000000d9500000,0x00000000dd100000)
  from space 4608K, 99% used [0x00000000dd100000,0x00000000dd57c050,0x00000000dd580000)
  to   space 4608K, 0% used [0x00000000e1180000,0x00000000e1180000,0x00000000e1600000)
 ParOldGen       total 80896K, used 6911K [0x000000008be00000, 0x0000000090d00000, 0x00000000d9500000)
  object space 80896K, 8% used [0x000000008be00000,0x000000008c4bfc30,0x0000000090d00000)
 Metaspace       used 15970K, capacity 16202K, committed 16384K, reserved 1062912K
  class space    used 1964K, capacity 2039K, committed 2048K, reserved 1048576K
}
Event: 2,407 GC heap before
{Heap before GC invocations=4 (full 0):
 PSYoungGen      total 66048K, used 66032K [0x00000000d9500000, 0x00000000e1600000, 0x0000000100000000)
  eden space 61440K, 100% used [0x00000000d9500000,0x00000000dd100000,0x00000000dd100000)
  from space 4608K, 99% used [0x00000000dd100000,0x00000000dd57c050,0x00000000dd580000)
  to   space 4608K, 0% used [0x00000000e1180000,0x00000000e1180000,0x00000000e1600000)
 ParOldGen       total 80896K, used 6911K [0x000000008be00000, 0x0000000090d00000, 0x00000000d9500000)
  object space 80896K, 8% used [0x000000008be00000,0x000000008c4bfc30,0x0000000090d00000)
 Metaspace       used 16764K, capacity 17048K, committed 17280K, reserved 1064960K
  class space    used 2015K, capacity 2107K, committed 2176K, reserved 1048576K
Event: 2,425 GC heap after
Heap after GC invocations=4 (full 0):
 PSYoungGen      total 127488K, used 4592K [0x00000000d9500000, 0x00000000e1600000, 0x0000000100000000)
  eden space 122880K, 0% used [0x00000000d9500000,0x00000000d9500000,0x00000000e0d00000)
  from space 4608K, 99% used [0x00000000e1180000,0x00000000e15fc030,0x00000000e1600000)
  to   space 4608K, 0% used [0x00000000e0d00000,0x00000000e0d00000,0x00000000e1180000)
 ParOldGen       total 80896K, used 16063K [0x000000008be00000, 0x0000000090d00000, 0x00000000d9500000)
  object space 80896K, 19% used [0x000000008be00000,0x000000008cdafdc8,0x0000000090d00000)
 Metaspace       used 16764K, capacity 17048K, committed 17280K, reserved 1064960K
  class space    used 2015K, capacity 2107K, committed 2176K, reserved 1048576K
}
Event: 3,227 GC heap before
{Heap before GC invocations=5 (full 0):
 PSYoungGen      total 127488K, used 127472K [0x00000000d9500000, 0x00000000e1600000, 0x0000000100000000)
  eden space 122880K, 100% used [0x00000000d9500000,0x00000000e0d00000,0x00000000e0d00000)
  from space 4608K, 99% used [0x00000000e1180000,0x00000000e15fc030,0x00000000e1600000)
  to   space 4608K, 0% used [0x00000000e0d00000,0x00000000e0d00000,0x00000000e1180000)
 ParOldGen       total 80896K, used 16063K [0x000000008be00000, 0x0000000090d00000, 0x00000000d9500000)
  object space 80896K, 19% used [0x000000008be00000,0x000000008cdafdc8,0x0000000090d00000)
 Metaspace       used 17262K, capacity 17614K, committed 17792K, reserved 1064960K
  class space    used 2024K, capacity 2116K, committed 2176K, reserved 1048576K
Event: 3,252 GC heap after
Heap after GC invocations=5 (full 0):
 PSYoungGen      total 127488K, used 4592K [0x00000000d9500000, 0x00000000ea900000, 0x0000000100000000)
  eden space 122880K, 0% used [0x00000000d9500000,0x00000000d9500000,0x00000000e0d00000)
  from space 4608K, 99% used [0x00000000e0d00000,0x00000000e117c030,0x00000000e1180000)
  to   space 18432K, 0% used [0x00000000e9700000,0x00000000e9700000,0x00000000ea900000)
 ParOldGen       total 80896K, used 26537K [0x000000008be00000, 0x0000000090d00000, 0x00000000d9500000)
  object space 80896K, 32% used [0x000000008be00000,0x000000008d7ea6d8,0x0000000090d00000)
 Metaspace       used 17262K, capacity 17614K, committed 17792K, reserved 1064960K
  class space    used 2024K, capacity 2116K, committed 2176K, reserved 1048576K
}
Event: 4,100 GC heap before
{Heap before GC invocations=6 (full 0):
 PSYoungGen      total 127488K, used 127472K [0x00000000d9500000, 0x00000000ea900000, 0x0000000100000000)
  eden space 122880K, 100% used [0x00000000d9500000,0x00000000e0d00000,0x00000000e0d00000)
  from space 4608K, 99% used [0x00000000e0d00000,0x00000000e117c030,0x00000000e1180000)
  to   space 18432K, 0% used [0x00000000e9700000,0x00000000e9700000,0x00000000ea900000)
 ParOldGen       total 80896K, used 26537K [0x000000008be00000, 0x0000000090d00000, 0x00000000d9500000)
  object space 80896K, 32% used [0x000000008be00000,0x000000008d7ea6d8,0x0000000090d00000)
 Metaspace       used 18615K, capacity 19186K, committed 19456K, reserved 1067008K
  class space    used 2153K, capacity 2292K, committed 2304K, reserved 1048576K
Event: 4,122 GC heap after
Heap after GC invocations=6 (full 0):
 PSYoungGen      total 262656K, used 14626K [0x00000000d9500000, 0x00000000eac00000, 0x0000000100000000)
  eden space 244224K, 0% used [0x00000000d9500000,0x00000000d9500000,0x00000000e8380000)
  from space 18432K, 79% used [0x00000000e9700000,0x00000000ea548948,0x00000000ea900000)
  to   space 19968K, 0% used [0x00000000e8380000,0x00000000e8380000,0x00000000e9700000)
 ParOldGen       total 80896K, used 26545K [0x000000008be00000, 0x0000000090d00000, 0x00000000d9500000)
  object space 80896K, 32% used [0x000000008be00000,0x000000008d7ec6d8,0x0000000090d00000)
 Metaspace       used 18615K, capacity 19186K, committed 19456K, reserved 1067008K
  class space    used 2153K, capacity 2292K, committed 2304K, reserved 1048576K
}
Event: 4,629 GC heap before
{Heap before GC invocations=7 (full 0):
 PSYoungGen      total 262656K, used 92828K [0x00000000d9500000, 0x00000000eac00000, 0x0000000100000000)
  eden space 244224K, 32% used [0x00000000d9500000,0x00000000de15e968,0x00000000e8380000)
  from space 18432K, 79% used [0x00000000e9700000,0x00000000ea548948,0x00000000ea900000)
  to   space 19968K, 0% used [0x00000000e8380000,0x00000000e8380000,0x00000000e9700000)
 ParOldGen       total 80896K, used 26545K [0x000000008be00000, 0x0000000090d00000, 0x00000000d9500000)
  object space 80896K, 32% used [0x000000008be00000,0x000000008d7ec6d8,0x0000000090d00000)
 Metaspace       used 20599K, capacity 21228K, committed 21248K, reserved 1069056K
  class space    used 2405K, capacity 2546K, committed 2560K, reserved 1048576K
Event: 4,654 GC heap after
Heap after GC invocations=7 (full 0):
 PSYoungGen      total 264192K, used 17409K [0x00000000d9500000, 0x00000000f9d00000, 0x0000000100000000)
  eden space 244224K, 0% used [0x00000000d9500000,0x00000000d9500000,0x00000000e8380000)
  from space 19968K, 87% used [0x00000000e8380000,0x00000000e9480530,0x00000000e9700000)
  to   space 22016K, 0% used [0x00000000f8780000,0x00000000f8780000,0x00000000f9d00000)
 ParOldGen       total 80896K, used 27563K [0x000000008be00000, 0x0000000090d00000, 0x00000000d9500000)
  object space 80896K, 34% used [0x000000008be00000,0x000000008d8eaf98,0x0000000090d00000)
 Metaspace       used 20599K, capacity 21228K, committed 21248K, reserved 1069056K
  class space    used 2405K, capacity 2546K, committed 2560K, reserved 1048576K
}
Event: 4,654 GC heap before
{Heap before GC invocations=8 (full 1):
 PSYoungGen      total 264192K, used 17409K [0x00000000d9500000, 0x00000000f9d00000, 0x0000000100000000)
  eden space 244224K, 0% used [0x00000000d9500000,0x00000000d9500000,0x00000000e8380000)
  from space 19968K, 87% used [0x00000000e8380000,0x00000000e9480530,0x00000000e9700000)
  to   space 22016K, 0% used [0x00000000f8780000,0x00000000f8780000,0x00000000f9d00000)
 ParOldGen       total 80896K, used 27563K [0x000000008be00000, 0x0000000090d00000, 0x00000000d9500000)
  object space 80896K, 34% used [0x000000008be00000,0x000000008d8eaf98,0x0000000090d00000)
 Metaspace       used 20599K, capacity 21228K, committed 21248K, reserved 1069056K
  class space    used 2405K, capacity 2546K, committed 2560K, reserved 1048576K

