# JRE version: Java(TM) SE Runtime Environment (8.0_221-b11) (build 1.8.0_221-b11)
# Java VM: Java HotSpot(TM) 64-Bit Server VM (25.221-b11 mixed mode linux-amd64 compressed oops)
Heap:
 PSYoungGen      total 136192K, used 101168K [0x00000000d9500000, 0x00000000ea900000, 0x0000000100000000)
  eden space 122368K, 71% used [0x00000000d9500000,0x00000000dea503b8,0x00000000e0c80000)
  from space 13824K, 99% used [0x00000000e0c80000,0x00000000e19fc010,0x00000000e1a00000)
  to   space 18944K, 0% used [0x00000000e9680000,0x00000000e9680000,0x00000000ea900000)
 ParOldGen       total 80896K, used 21531K [0x000000008be00000, 0x0000000090d00000, 0x00000000d9500000)
  object space 80896K, 26% used [0x000000008be00000,0x000000008d306f38,0x0000000090d00000)
 Metaspace       used 19162K, capacity 19762K, committed 20096K, reserved 1067008K
  class space    used 2196K, capacity 2336K, committed 2432K, reserved 1048576K
GC Heap History (10 events):
Event: 1,449 GC heap before
{Heap before GC invocations=3 (full 0):
 PSYoungGen      total 35328K, used 35302K [0x00000000d9500000, 0x00000000dda00000, 0x0000000100000000)
  eden space 30720K, 100% used [0x00000000d9500000,0x00000000db300000,0x00000000db300000)
  from space 4608K, 99% used [0x00000000db780000,0x00000000dbbf9a28,0x00000000dbc00000)
  to   space 4608K, 0% used [0x00000000db300000,0x00000000db300000,0x00000000db780000)
 ParOldGen       total 80896K, used 2183K [0x000000008be00000, 0x0000000090d00000, 0x00000000d9500000)
  object space 80896K, 2% used [0x000000008be00000,0x000000008c021c30,0x0000000090d00000)
 Metaspace       used 13852K, capacity 14010K, committed 14208K, reserved 1060864K
  class space    used 1745K, capacity 1831K, committed 1920K, reserved 1048576K
Event: 1,457 GC heap after
Heap after GC invocations=3 (full 0):
 PSYoungGen      total 35328K, used 4595K [0x00000000d9500000, 0x00000000dda00000, 0x0000000100000000)
  eden space 30720K, 0% used [0x00000000d9500000,0x00000000d9500000,0x00000000db300000)
  from space 4608K, 99% used [0x00000000db300000,0x00000000db77ccc8,0x00000000db780000)
  to   space 4608K, 0% used [0x00000000dd580000,0x00000000dd580000,0x00000000dda00000)
 ParOldGen       total 80896K, used 3013K [0x000000008be00000, 0x0000000090d00000, 0x00000000d9500000)
  object space 80896K, 3% used [0x000000008be00000,0x000000008c0f1588,0x0000000090d00000)
 Metaspace       used 13852K, capacity 14010K, committed 14208K, reserved 1060864K
  class space    used 1745K, capacity 1831K, committed 1920K, reserved 1048576K
}
Event: 1,897 GC heap before
{Heap before GC invocations=4 (full 0):
 PSYoungGen      total 35328K, used 35315K [0x00000000d9500000, 0x00000000dda00000, 0x0000000100000000)
  eden space 30720K, 100% used [0x00000000d9500000,0x00000000db300000,0x00000000db300000)
  from space 4608K, 99% used [0x00000000db300000,0x00000000db77ccc8,0x00000000db780000)
  to   space 4608K, 0% used [0x00000000dd580000,0x00000000dd580000,0x00000000dda00000)
 ParOldGen       total 80896K, used 3013K [0x000000008be00000, 0x0000000090d00000, 0x00000000d9500000)
  object space 80896K, 3% used [0x000000008be00000,0x000000008c0f1588,0x0000000090d00000)
 Metaspace       used 15964K, capacity 16202K, committed 16384K, reserved 1062912K
  class space    used 1964K, capacity 2039K, committed 2048K, reserved 1048576K
Event: 1,907 GC heap after
Heap after GC invocations=4 (full 0):
 PSYoungGen      total 66048K, used 4592K [0x00000000d9500000, 0x00000000dda00000, 0x0000000100000000)
  eden space 61440K, 0% used [0x00000000d9500000,0x00000000d9500000,0x00000000dd100000)
  from space 4608K, 99% used [0x00000000dd580000,0x00000000dd9fc010,0x00000000dda00000)
  to   space 4608K, 0% used [0x00000000dd100000,0x00000000dd100000,0x00000000dd580000)
 ParOldGen       total 80896K, used 6376K [0x000000008be00000, 0x0000000090d00000, 0x00000000d9500000)
  object space 80896K, 7% used [0x000000008be00000,0x000000008c43a248,0x0000000090d00000)
 Metaspace       used 15964K, capacity 16202K, committed 16384K, reserved 1062912K
  class space    used 1964K, capacity 2039K, committed 2048K, reserved 1048576K
}
Event: 2,486 GC heap before
{Heap before GC invocations=5 (full 0):
 PSYoungGen      total 66048K, used 66032K [0x00000000d9500000, 0x00000000dda00000, 0x0000000100000000)
  eden space 61440K, 100% used [0x00000000d9500000,0x00000000dd100000,0x00000000dd100000)
  from space 4608K, 99% used [0x00000000dd580000,0x00000000dd9fc010,0x00000000dda00000)
  to   space 4608K, 0% used [0x00000000dd100000,0x00000000dd100000,0x00000000dd580000)
 ParOldGen       total 80896K, used 6376K [0x000000008be00000, 0x0000000090d00000, 0x00000000d9500000)
  object space 80896K, 7% used [0x000000008be00000,0x000000008c43a248,0x0000000090d00000)
 Metaspace       used 16757K, capacity 17048K, committed 17280K, reserved 1064960K
  class space    used 2015K, capacity 2107K, committed 2176K, reserved 1048576K
Event: 2,507 GC heap after
Heap after GC invocations=5 (full 0):
 PSYoungGen      total 66048K, used 4576K [0x00000000d9500000, 0x00000000e2700000, 0x0000000100000000)
  eden space 61440K, 0% used [0x00000000d9500000,0x00000000d9500000,0x00000000dd100000)
  from space 4608K, 99% used [0x00000000dd100000,0x00000000dd578020,0x00000000dd580000)
  to   space 13312K, 0% used [0x00000000e1a00000,0x00000000e1a00000,0x00000000e2700000)
 ParOldGen       total 80896K, used 15624K [0x000000008be00000, 0x0000000090d00000, 0x00000000d9500000)
  object space 80896K, 19% used [0x000000008be00000,0x000000008cd42038,0x0000000090d00000)
 Metaspace       used 16757K, capacity 17048K, committed 17280K, reserved 1064960K
  class space    used 2015K, capacity 2107K, committed 2176K, reserved 1048576K
}
Event: 2,891 GC heap before
{Heap before GC invocations=6 (full 0):
 PSYoungGen      total 66048K, used 66016K [0x00000000d9500000, 0x00000000e2700000, 0x0000000100000000)
  eden space 61440K, 100% used [0x00000000d9500000,0x00000000dd100000,0x00000000dd100000)
  from space 4608K, 99% used [0x00000000dd100000,0x00000000dd578020,0x00000000dd580000)
  to   space 13312K, 0% used [0x00000000e1a00000,0x00000000e1a00000,0x00000000e2700000)
 ParOldGen       total 80896K, used 15624K [0x000000008be00000, 0x0000000090d00000, 0x00000000d9500000)
  object space 80896K, 19% used [0x000000008be00000,0x000000008cd42038,0x0000000090d00000)
 Metaspace       used 17030K, capacity 17340K, committed 17536K, reserved 1064960K
  class space    used 2021K, capacity 2113K, committed 2176K, reserved 1048576K
Event: 2,917 GC heap after
Heap after GC invocations=6 (full 0):
 PSYoungGen      total 135680K, used 10304K [0x00000000d9500000, 0x00000000e2800000, 0x0000000100000000)
  eden space 122368K, 0% used [0x00000000d9500000,0x00000000d9500000,0x00000000e0c80000)
  from space 13312K, 77% used [0x00000000e1a00000,0x00000000e2410040,0x00000000e2700000)
  to   space 13824K, 0% used [0x00000000e0c80000,0x00000000e0c80000,0x00000000e1a00000)
 ParOldGen       total 80896K, used 15632K [0x000000008be00000, 0x0000000090d00000, 0x00000000d9500000)
  object space 80896K, 19% used [0x000000008be00000,0x000000008cd44038,0x0000000090d00000)
 Metaspace       used 17030K, capacity 17340K, committed 17536K, reserved 1064960K
  class space    used 2021K, capacity 2113K, committed 2176K, reserved 1048576K
}
Event: 3,546 GC heap before
{Heap before GC invocations=7 (full 0):
 PSYoungGen      total 135680K, used 132672K [0x00000000d9500000, 0x00000000e2800000, 0x0000000100000000)
  eden space 122368K, 100% used [0x00000000d9500000,0x00000000e0c80000,0x00000000e0c80000)
  from space 13312K, 77% used [0x00000000e1a00000,0x00000000e2410040,0x00000000e2700000)
  to   space 13824K, 0% used [0x00000000e0c80000,0x00000000e0c80000,0x00000000e1a00000)
 ParOldGen       total 80896K, used 15632K [0x000000008be00000, 0x0000000090d00000, 0x00000000d9500000)
  object space 80896K, 19% used [0x000000008be00000,0x000000008cd44038,0x0000000090d00000)
 Metaspace       used 17506K, capacity 17850K, committed 18048K, reserved 1064960K
  class space    used 2036K, capacity 2150K, committed 2176K, reserved 1048576K
Event: 3,570 GC heap after
Heap after GC invocations=7 (full 0):
 PSYoungGen      total 136192K, used 13808K [0x00000000d9500000, 0x00000000ea900000, 0x0000000100000000)
  eden space 122368K, 0% used [0x00000000d9500000,0x00000000d9500000,0x00000000e0c80000)
  from space 13824K, 99% used [0x00000000e0c80000,0x00000000e19fc010,0x00000000e1a00000)
  to   space 18944K, 0% used [0x00000000e9680000,0x00000000e9680000,0x00000000ea900000)
 ParOldGen       total 80896K, used 21531K [0x000000008be00000, 0x0000000090d00000, 0x00000000d9500000)
  object space 80896K, 26% used [0x000000008be00000,0x000000008d306f38,0x0000000090d00000)
 Metaspace       used 17506K, capacity 17850K, committed 18048K, reserved 1064960K
  class space    used 2036K, capacity 2150K, committed 2176K, reserved 1048576K
}

